TN:
SF:src/parser/lexer.ts
FN:51,(anonymous_0)
FN:56,(anonymous_1)
FN:73,(anonymous_2)
FN:131,(anonymous_3)
FN:154,(anonymous_4)
FN:167,(anonymous_5)
FN:180,(anonymous_6)
FN:188,(anonymous_7)
FN:226,(anonymous_8)
FN:231,(anonymous_9)
FN:235,(anonymous_10)
FN:239,(anonymous_11)
FN:243,(anonymous_12)
FN:247,(anonymous_13)
FNF:14
FNH:14
FNDA:17,(anonymous_0)
FNDA:17,(anonymous_1)
FNDA:204,(anonymous_2)
FNDA:5,(anonymous_3)
FNDA:8,(anonymous_4)
FNDA:65,(anonymous_5)
FNDA:3,(anonymous_6)
FNDA:209,(anonymous_7)
FNDA:926,(anonymous_8)
FNDA:14,(anonymous_9)
FNDA:245,(anonymous_10)
FNDA:514,(anonymous_11)
FNDA:363,(anonymous_12)
FNDA:221,(anonymous_13)
DA:1,2
DA:7,2
DA:44,2
DA:46,17
DA:47,17
DA:48,17
DA:49,17
DA:52,17
DA:57,17
DA:58,209
DA:59,209
DA:61,204
DA:62,204
DA:63,204
DA:67,17
DA:68,17
DA:74,204
DA:75,204
DA:78,204
DA:79,40
DA:80,40
DA:81,40
DA:82,40
DA:83,40
DA:87,164
DA:90,159
DA:93,151
DA:96,86
DA:97,84
DA:98,1
DA:102,83
DA:117,83
DA:118,82
DA:119,82
DA:120,82
DA:124,1
DA:125,1
DA:126,1
DA:132,5
DA:133,5
DA:134,5
DA:136,5
DA:137,38
DA:138,3
DA:139,3
DA:140,3
DA:143,3
DA:145,35
DA:147,38
DA:150,5
DA:151,5
DA:155,8
DA:156,8
DA:158,8
DA:160,16
DA:161,16
DA:164,8
DA:168,65
DA:169,65
DA:171,65
DA:172,300
DA:173,300
DA:176,65
DA:177,65
DA:181,3
DA:182,7
DA:183,3
DA:189,209
DA:190,575
DA:193,575
DA:194,369
DA:195,369
DA:199,206
DA:200,1
DA:201,22
DA:203,1
DA:207,205
DA:208,1
DA:209,1
DA:210,35
DA:211,1
DA:212,1
DA:214,34
DA:215,34
DA:217,1
DA:220,204
DA:227,926
DA:228,926
DA:232,14
DA:236,245
DA:240,514
DA:244,363
DA:248,221
LF:93
LH:93
BRDA:59,0,0,5
BRDA:59,0,1,204
BRDA:62,1,0,204
BRDA:62,1,1,0
BRDA:78,2,0,40
BRDA:78,2,1,164
BRDA:87,3,0,5
BRDA:87,3,1,159
BRDA:90,4,0,8
BRDA:90,4,1,151
BRDA:93,5,0,65
BRDA:93,5,1,86
BRDA:96,6,0,2
BRDA:96,6,1,84
BRDA:96,7,0,86
BRDA:96,7,1,2
BRDA:97,8,0,1
BRDA:97,8,1,83
BRDA:97,9,0,84
BRDA:97,9,1,8
BRDA:97,9,2,1
BRDA:117,10,0,82
BRDA:117,10,1,1
BRDA:136,11,0,43
BRDA:136,11,1,43
BRDA:137,12,0,3
BRDA:137,12,1,35
BRDA:143,13,0,3
BRDA:143,13,1,0
BRDA:158,14,0,24
BRDA:158,14,1,23
BRDA:158,14,2,8
BRDA:171,15,0,365
BRDA:171,15,1,363
BRDA:176,16,0,65
BRDA:176,16,1,21
BRDA:193,17,0,369
BRDA:193,17,1,206
BRDA:193,18,0,575
BRDA:193,18,1,206
BRDA:193,18,2,206
BRDA:199,19,0,1
BRDA:199,19,1,205
BRDA:199,20,0,206
BRDA:199,20,1,2
BRDA:200,21,0,23
BRDA:200,21,1,23
BRDA:207,22,0,1
BRDA:207,22,1,204
BRDA:207,23,0,205
BRDA:207,23,1,1
BRDA:210,24,0,1
BRDA:210,24,1,34
BRDA:210,25,0,35
BRDA:210,25,1,1
BRDA:214,26,0,2
BRDA:214,26,1,32
BRDA:232,27,0,14
BRDA:232,27,1,0
BRDA:236,28,0,245
BRDA:236,28,1,141
BRDA:240,29,0,514
BRDA:240,29,1,344
BRDA:240,29,2,201
BRDA:240,29,3,84
BRDA:240,29,4,150
BRDA:244,30,0,363
BRDA:244,30,1,63
BRF:68
BRH:65
end_of_record
TN:
SF:src/parser/parser.ts
FN:19,(anonymous_0)
FN:21,(anonymous_1)
FN:27,(anonymous_2)
FN:40,(anonymous_3)
FN:54,(anonymous_4)
FN:79,(anonymous_5)
FN:113,(anonymous_6)
FN:135,(anonymous_7)
FN:153,(anonymous_8)
FN:165,(anonymous_9)
FN:211,(anonymous_10)
FN:283,(anonymous_11)
FN:327,(anonymous_12)
FN:335,(anonymous_13)
FN:339,(anonymous_14)
FN:343,(anonymous_15)
FN:349,(anonymous_16)
FN:353,(anonymous_17)
FN:366,(anonymous_18)
FN:370,(anonymous_19)
FN:382,(anonymous_20)
FNF:21
FNH:21
FNDA:9,(anonymous_0)
FNDA:175,(anonymous_1)
FNDA:9,(anonymous_2)
FNDA:29,(anonymous_3)
FNDA:7,(anonymous_4)
FNDA:4,(anonymous_5)
FNDA:1,(anonymous_6)
FNDA:15,(anonymous_7)
FNDA:11,(anonymous_8)
FNDA:14,(anonymous_9)
FNDA:14,(anonymous_10)
FNDA:9,(anonymous_11)
FNDA:4,(anonymous_12)
FNDA:627,(anonymous_13)
FNDA:2,(anonymous_14)
FNDA:132,(anonymous_15)
FNDA:187,(anonymous_16)
FNDA:16,(anonymous_17)
FNDA:220,(anonymous_18)
FNDA:14,(anonymous_19)
FNDA:1,(anonymous_20)
DA:1,1
DA:14,1
DA:16,9
DA:17,9
DA:21,175
DA:28,9
DA:30,9
DA:31,29
DA:32,29
DA:35,9
DA:41,29
DA:43,29
DA:44,22
DA:45,22
DA:48,21
DA:49,21
DA:55,7
DA:56,7
DA:57,7
DA:60,7
DA:61,3
DA:62,3
DA:63,3
DA:67,7
DA:68,7
DA:80,4
DA:81,4
DA:83,4
DA:84,4
DA:85,4
DA:86,4
DA:90,4
DA:91,3
DA:93,3
DA:94,6
DA:100,4
DA:101,3
DA:102,1
DA:103,1
DA:104,1
DA:105,1
DA:108,4
DA:114,1
DA:115,1
DA:116,1
DA:119,1
DA:120,1
DA:124,1
DA:125,1
DA:126,1
DA:129,1
DA:130,1
DA:136,15
DA:137,15
DA:139,13
DA:141,13
DA:142,11
DA:143,11
DA:146,13
DA:148,13
DA:154,11
DA:156,11
DA:157,11
DA:158,7
DA:160,7
DA:166,14
DA:167,14
DA:170,14
DA:171,3
DA:172,3
DA:173,3
DA:174,3
DA:176,3
DA:177,3
DA:178,3
DA:186,0
DA:197,14
DA:198,0
DA:199,0
DA:208,14
DA:212,14
DA:215,14
DA:216,3
DA:217,3
DA:219,11
DA:220,2
DA:221,2
DA:223,9
DA:224,1
DA:225,1
DA:229,8
DA:230,7
DA:231,7
DA:233,7
DA:234,6
DA:235,6
DA:238,6
DA:239,2
DA:242,6
DA:246,1
DA:247,1
DA:250,0
DA:254,1
DA:255,0
DA:256,0
DA:257,0
DA:258,0
DA:262,1
DA:263,0
DA:264,0
DA:265,0
DA:266,0
DA:270,1
DA:271,1
DA:275,0
DA:276,0
DA:278,0
DA:284,9
DA:285,9
DA:287,9
DA:288,6
DA:291,6
DA:295,2
DA:296,2
DA:297,2
DA:298,2
DA:299,2
DA:300,2
DA:309,4
DA:310,4
DA:313,6
DA:314,0
DA:315,6
DA:317,0
DA:321,9
DA:322,9
DA:328,4
DA:329,4
DA:330,4
DA:336,627
DA:340,2
DA:344,132
DA:345,132
DA:346,132
DA:350,187
DA:354,16
DA:355,2
DA:356,2
DA:363,16
DA:367,220
DA:371,14
DA:378,14
DA:383,1
DA:384,1
DA:385,2
DA:386,1
DA:387,1
DA:392,9
LF:158
LH:141
BRDA:32,0,0,8
BRDA:32,0,1,21
BRDA:43,1,0,7
BRDA:43,1,1,22
BRDA:44,2,0,0
BRDA:44,2,1,22
BRDA:44,3,0,22
BRDA:44,3,1,22
BRDA:45,4,0,1
BRDA:45,4,1,21
BRDA:60,5,0,3
BRDA:60,5,1,4
BRDA:62,6,0,3
BRDA:62,6,1,0
BRDA:62,7,0,3
BRDA:62,7,1,0
BRDA:84,8,0,4
BRDA:84,8,1,0
BRDA:84,9,0,4
BRDA:84,9,1,3
BRDA:90,10,0,3
BRDA:90,10,1,1
BRDA:93,11,0,9
BRDA:93,11,1,9
BRDA:93,11,2,6
BRDA:100,12,0,3
BRDA:100,12,1,1
BRDA:102,13,0,1
BRDA:102,13,1,0
BRDA:105,14,0,1
BRDA:105,14,1,0
BRDA:119,15,0,1
BRDA:119,15,1,0
BRDA:124,16,0,1
BRDA:124,16,1,0
BRDA:129,17,0,1
BRDA:129,17,1,0
BRDA:137,18,0,2
BRDA:137,18,1,13
BRDA:141,19,0,24
BRDA:141,19,1,24
BRDA:143,20,0,11
BRDA:143,20,1,0
BRDA:146,21,0,13
BRDA:146,21,1,0
BRDA:156,22,0,0
BRDA:156,22,1,11
BRDA:157,23,0,4
BRDA:157,23,1,7
BRDA:157,24,0,11
BRDA:157,24,1,8
BRDA:158,25,0,0
BRDA:158,25,1,7
BRDA:167,26,0,0
BRDA:167,26,1,14
BRDA:176,27,0,3
BRDA:176,27,1,0
BRDA:183,28,0,3
BRDA:183,28,1,0
BRDA:191,29,0,0
BRDA:191,29,1,0
BRDA:197,30,0,0
BRDA:197,30,1,14
BRDA:215,31,0,3
BRDA:215,31,1,11
BRDA:219,32,0,2
BRDA:219,32,1,9
BRDA:223,33,0,1
BRDA:223,33,1,8
BRDA:229,34,0,7
BRDA:229,34,1,1
BRDA:233,35,0,6
BRDA:233,35,1,1
BRDA:238,36,0,2
BRDA:238,36,1,4
BRDA:246,37,0,1
BRDA:246,37,1,0
BRDA:254,38,0,0
BRDA:254,38,1,1
BRDA:262,39,0,0
BRDA:262,39,1,1
BRDA:270,40,0,1
BRDA:270,40,1,0
BRDA:275,41,0,0
BRDA:275,41,1,0
BRDA:275,42,0,0
BRDA:275,42,1,0
BRDA:287,43,0,15
BRDA:287,43,1,15
BRDA:291,44,0,2
BRDA:291,44,1,4
BRDA:292,45,0,6
BRDA:292,45,1,2
BRDA:299,46,0,2
BRDA:299,46,1,0
BRDA:310,47,0,4
BRDA:310,47,1,0
BRDA:313,48,0,0
BRDA:313,48,1,6
BRDA:315,49,0,0
BRDA:315,49,1,6
BRDA:321,50,0,9
BRDA:321,50,1,0
BRDA:336,51,0,627
BRDA:336,51,1,0
BRDA:340,52,0,2
BRDA:340,52,1,0
BRDA:345,53,0,132
BRDA:345,53,1,0
BRDA:354,54,0,2
BRDA:354,54,1,14
BRDA:385,55,0,1
BRDA:385,55,1,1
BRDA:386,56,0,1
BRDA:386,56,1,0
BRDA:386,57,0,1
BRDA:386,57,1,0
BRF:117
BRH:80
end_of_record
TN:
SF:src/parser/swiftui-parser.ts
FN:45,(anonymous_0)
FN:74,(anonymous_1)
FN:80,(anonymous_2)
FN:92,(anonymous_3)
FN:104,(anonymous_4)
FN:116,(anonymous_5)
FN:136,(anonymous_6)
FN:146,(anonymous_7)
FN:158,(anonymous_8)
FN:212,(anonymous_9)
FN:219,(anonymous_10)
FN:221,(anonymous_11)
FN:227,(anonymous_12)
FNF:13
FNH:13
FNDA:4,(anonymous_0)
FNDA:3,(anonymous_1)
FNDA:4,(anonymous_2)
FNDA:4,(anonymous_3)
FNDA:2,(anonymous_4)
FNDA:2,(anonymous_5)
FNDA:4,(anonymous_6)
FNDA:6,(anonymous_7)
FNDA:6,(anonymous_8)
FNDA:5,(anonymous_9)
FNDA:6,(anonymous_10)
FNDA:4,(anonymous_11)
FNDA:4,(anonymous_12)
DA:1,1
DA:2,1
DA:3,1
DA:17,1
DA:24,1
DA:40,1
DA:46,4
DA:47,4
DA:48,4
DA:50,4
DA:51,4
DA:53,4
DA:54,4
DA:56,0
DA:75,3
DA:81,4
DA:83,4
DA:84,4
DA:85,4
DA:86,4
DA:89,2
DA:93,4
DA:96,4
DA:97,3
DA:98,2
DA:101,2
DA:105,2
DA:107,2
DA:108,2
DA:109,2
DA:111,0
DA:117,2
DA:118,2
DA:120,2
DA:121,2
DA:122,2
DA:126,0
DA:127,0
DA:128,0
DA:129,0
DA:133,0
DA:137,4
DA:138,4
DA:140,4
DA:141,4
DA:143,0
DA:147,6
DA:148,6
DA:150,6
DA:151,3
DA:152,3
DA:155,6
DA:159,6
DA:160,6
DA:161,6
DA:162,6
DA:165,6
DA:166,6
DA:167,7
DA:169,2
DA:170,2
DA:171,2
DA:172,5
DA:174,3
DA:175,4
DA:176,4
DA:178,2
DA:180,2
DA:181,2
DA:188,6
DA:189,3
DA:190,3
DA:191,3
DA:193,3
DA:194,3
DA:195,1
DA:196,0
DA:197,0
DA:198,0
DA:199,1
DA:201,1
DA:205,3
DA:209,6
DA:213,5
DA:214,1
DA:215,1
DA:216,1
DA:220,6
DA:221,6
DA:223,6
DA:227,4
DA:233,5
LF:92
LH:81
BRDA:60,0,0,0
BRDA:60,0,1,0
BRDA:75,1,0,3
BRDA:75,1,1,2
BRDA:81,2,0,0
BRDA:81,2,1,4
BRDA:84,3,0,4
BRDA:84,3,1,0
BRDA:86,4,0,2
BRDA:86,4,1,2
BRDA:93,5,0,0
BRDA:93,5,1,4
BRDA:97,6,0,2
BRDA:97,6,1,1
BRDA:97,7,0,3
BRDA:97,7,1,3
BRDA:105,8,0,0
BRDA:105,8,1,2
BRDA:109,9,0,2
BRDA:109,9,1,0
BRDA:118,10,0,2
BRDA:118,10,1,0
BRDA:120,11,0,2
BRDA:120,11,1,0
BRDA:120,12,0,2
BRDA:120,12,1,2
BRDA:120,12,2,2
BRDA:126,13,0,0
BRDA:126,13,1,0
BRDA:126,14,0,0
BRDA:126,14,1,0
BRDA:126,14,2,0
BRDA:129,15,0,0
BRDA:129,15,1,0
BRDA:138,16,0,4
BRDA:138,16,1,0
BRDA:140,17,0,4
BRDA:140,17,1,0
BRDA:140,18,0,4
BRDA:140,18,1,4
BRDA:140,18,2,4
BRDA:150,19,0,9
BRDA:150,19,1,9
BRDA:152,20,0,3
BRDA:152,20,1,0
BRDA:159,21,0,6
BRDA:159,21,1,0
BRDA:165,22,0,6
BRDA:165,22,1,0
BRDA:167,23,0,2
BRDA:167,23,1,5
BRDA:169,24,0,2
BRDA:169,24,1,0
BRDA:171,25,0,2
BRDA:171,25,1,0
BRDA:172,26,0,3
BRDA:172,26,1,2
BRDA:172,27,0,5
BRDA:172,27,1,3
BRDA:176,28,0,4
BRDA:176,28,1,0
BRDA:178,29,0,2
BRDA:178,29,1,0
BRDA:180,30,0,2
BRDA:180,30,1,0
BRDA:180,31,0,2
BRDA:180,31,1,0
BRDA:180,31,2,0
BRDA:189,32,0,3
BRDA:189,32,1,0
BRDA:190,33,0,3
BRDA:190,33,1,0
BRDA:193,34,0,3
BRDA:193,34,1,0
BRDA:195,35,0,0
BRDA:195,35,1,1
BRDA:196,36,0,0
BRDA:196,36,1,0
BRDA:198,37,0,0
BRDA:198,37,1,0
BRDA:199,38,0,1
BRDA:199,38,1,0
BRDA:199,39,0,1
BRDA:199,39,1,1
BRDA:199,39,2,1
BRDA:209,40,0,6
BRDA:209,40,1,0
BRDA:209,41,0,6
BRDA:209,41,1,0
BRDA:213,42,0,4
BRDA:213,42,1,1
BRDA:214,43,0,0
BRDA:214,43,1,1
BRDA:214,44,0,0
BRDA:214,44,1,0
BRDA:215,45,0,0
BRDA:215,45,1,1
BRDA:215,46,0,0
BRDA:215,46,1,0
BRF:99
BRH:54
end_of_record
TN:
SF:src/renderer/canvas-renderer.ts
FN:8,(anonymous_0)
FN:23,(anonymous_1)
FN:71,(anonymous_2)
FNF:3
FNH:3
FNDA:2,(anonymous_0)
FNDA:5,(anonymous_1)
FNDA:1,(anonymous_2)
DA:2,1
DA:3,1
DA:5,1
DA:6,2
DA:9,2
DA:10,2
DA:13,2
DA:14,2
DA:16,2
DA:17,2
DA:20,2
DA:24,5
DA:25,5
DA:27,5
DA:30,5
DA:31,1
DA:32,1
DA:33,1
DA:35,0
DA:40,5
DA:42,5
DA:43,1
DA:44,1
DA:45,1
DA:46,1
DA:47,1
DA:51,1
DA:52,1
DA:53,4
DA:55,1
DA:56,1
DA:58,3
DA:59,1
DA:60,1
DA:64,5
DA:65,3
DA:68,5
DA:72,1
DA:73,1
DA:74,1
DA:75,1
DA:76,1
DA:77,1
DA:78,1
DA:79,1
DA:80,1
DA:81,1
LF:47
LH:46
BRDA:8,0,0,0
BRDA:8,1,0,0
BRDA:16,2,0,2
BRDA:16,2,1,0
BRDA:30,3,0,1
BRDA:30,3,1,4
BRDA:32,4,0,1
BRDA:32,4,1,0
BRDA:40,5,0,5
BRDA:40,5,1,5
BRDA:42,6,0,1
BRDA:42,6,1,4
BRDA:43,7,0,1
BRDA:43,7,1,0
BRDA:44,8,0,1
BRDA:44,8,1,1
BRDA:45,9,0,1
BRDA:45,9,1,1
BRDA:46,10,0,1
BRDA:46,10,1,1
BRDA:53,11,0,1
BRDA:53,11,1,3
BRDA:55,12,0,1
BRDA:55,12,1,0
BRDA:58,13,0,1
BRDA:58,13,1,2
BRDA:59,14,0,1
BRDA:59,14,1,1
BRDA:72,15,0,0
BRDA:72,15,1,1
BRDA:73,16,0,0
BRDA:73,16,1,1
BRF:32
BRH:24
end_of_record
TN:
SF:src/renderer/component-mapper.ts
FN:5,(anonymous_0)
FN:73,(anonymous_1)
FN:93,(anonymous_2)
FN:97,(anonymous_3)
FNF:4
FNH:4
FNDA:9,(anonymous_0)
FNDA:3,(anonymous_1)
FNDA:1,(anonymous_2)
FNDA:1,(anonymous_3)
DA:4,2
DA:6,9
DA:9,9
DA:10,8
DA:12,2
DA:13,2
DA:14,2
DA:15,2
DA:16,3
DA:17,3
DA:18,3
DA:19,3
DA:20,3
DA:23,2
DA:26,2
DA:27,2
DA:28,2
DA:30,2
DA:34,1
DA:35,1
DA:36,1
DA:38,1
DA:41,1
DA:42,1
DA:43,1
DA:44,1
DA:46,1
DA:49,1
DA:50,1
DA:53,1
DA:54,1
DA:55,1
DA:57,1
DA:60,0
DA:61,0
DA:62,0
DA:64,0
DA:69,9
DA:74,3
DA:75,3
DA:90,3
DA:94,1
DA:98,1
DA:99,1
DA:112,1
LF:45
LH:41
BRDA:10,0,0,2
BRDA:10,0,1,2
BRDA:10,0,2,1
BRDA:10,0,3,1
BRDA:10,0,4,1
BRDA:10,0,5,1
BRDA:10,0,6,1
BRDA:10,0,7,0
BRDA:13,1,0,1
BRDA:13,1,1,1
BRDA:16,2,0,3
BRDA:16,2,1,0
BRDA:17,3,0,1
BRDA:17,3,1,2
BRDA:17,4,0,3
BRDA:17,4,1,1
BRDA:18,5,0,0
BRDA:18,5,1,3
BRDA:18,6,0,3
BRDA:18,6,1,0
BRDA:19,7,0,1
BRDA:19,7,1,2
BRDA:19,8,0,3
BRDA:19,8,1,1
BRDA:20,9,0,0
BRDA:20,9,1,3
BRDA:20,10,0,3
BRDA:20,10,1,0
BRDA:27,11,0,2
BRDA:27,11,1,0
BRDA:35,12,0,1
BRDA:35,12,1,0
BRDA:42,13,0,1
BRDA:42,13,1,0
BRDA:54,14,0,1
BRDA:54,14,1,0
BRDA:61,15,0,0
BRDA:61,15,1,0
BRDA:74,16,0,2
BRDA:74,16,1,1
BRDA:90,17,0,3
BRDA:90,17,1,0
BRDA:98,18,0,1
BRDA:98,18,1,0
BRDA:112,19,0,1
BRDA:112,19,1,0
BRF:46
BRH:31
end_of_record
TN:
SF:src/renderer/device-frame.ts
FN:6,(anonymous_0)
FNF:1
FNH:1
FNDA:1,(anonymous_0)
DA:1,1
DA:4,1
DA:9,1
DA:10,1
DA:13,1
DA:14,1
DA:15,1
DA:17,1
DA:18,1
DA:21,1
DA:22,1
DA:23,1
DA:24,1
DA:25,1
DA:26,1
DA:27,1
DA:28,1
DA:29,1
DA:30,1
DA:33,1
DA:34,1
DA:37,1
DA:40,1
DA:41,1
DA:42,1
DA:43,1
DA:45,1
DA:46,1
DA:47,1
DA:48,1
DA:49,1
DA:50,1
DA:51,1
DA:52,1
DA:53,1
DA:55,1
LF:36
LH:36
BRDA:6,0,0,0
BRDA:21,1,0,1
BRDA:21,1,1,0
BRF:3
BRH:1
end_of_record
TN:
SF:src/renderer/layout-engine.ts
FN:8,(anonymous_0)
FN:16,(anonymous_1)
FN:106,(anonymous_2)
FNF:3
FNH:3
FNDA:5,(anonymous_0)
FNDA:9,(anonymous_1)
FNDA:1,(anonymous_2)
DA:3,1
DA:5,1
DA:6,5
DA:9,5
DA:13,4
DA:23,9
DA:30,9
DA:31,9
DA:32,9
DA:35,9
DA:36,1
DA:37,1
DA:38,1
DA:40,1
DA:41,2
DA:42,2
DA:43,2
DA:44,2
DA:45,2
DA:48,1
DA:49,1
DA:51,8
DA:52,1
DA:53,1
DA:54,1
DA:56,1
DA:57,3
DA:60,1
DA:62,2
DA:63,2
DA:64,2
DA:65,2
DA:66,2
DA:69,1
DA:70,1
DA:72,7
DA:73,5
DA:76,5
DA:77,5
DA:78,5
DA:79,5
DA:81,2
DA:83,1
DA:84,1
DA:85,1
DA:86,1
DA:87,1
DA:89,0
DA:90,0
DA:93,1
DA:96,0
DA:97,0
DA:101,1
DA:102,1
DA:106,9
DA:107,9
DA:108,1
DA:109,1
DA:110,1
DA:112,1
DA:113,1
DA:114,1
DA:118,9
LF:63
LH:59
BRDA:8,0,0,5
BRDA:8,1,0,5
BRDA:9,2,0,1
BRDA:9,2,1,4
BRDA:35,3,0,1
BRDA:35,3,1,8
BRDA:36,4,0,1
BRDA:36,4,1,0
BRDA:51,5,0,1
BRDA:51,5,1,7
BRDA:52,6,0,1
BRDA:52,6,1,0
BRDA:57,7,0,1
BRDA:57,7,1,2
BRDA:72,8,0,5
BRDA:72,8,1,2
BRDA:73,9,0,5
BRDA:73,9,1,0
BRDA:81,10,0,1
BRDA:81,10,1,1
BRDA:83,11,0,1
BRDA:83,11,1,0
BRDA:93,12,0,0
BRDA:93,12,1,1
BRDA:107,13,0,1
BRDA:107,13,1,8
BRDA:108,14,0,1
BRDA:108,14,1,0
BRF:28
BRH:22
end_of_record
